  [1m[36m (1.0ms)[0m  [1mCREATE TABLE "schema_migrations" ("version" varchar(255) NOT NULL) [0m
  [1m[35m (0.1ms)[0m  select sqlite_version(*)
  [1m[36m (0.7ms)[0m  [1mCREATE UNIQUE INDEX "unique_schema_migrations" ON "schema_migrations" ("version")[0m
  [1m[35mActiveRecord::SchemaMigration Load (0.1ms)[0m  SELECT "schema_migrations".* FROM "schema_migrations"
Migrating to CreateEvents (20140304013548)
  [1m[36m (0.0ms)[0m  [1mbegin transaction[0m
  [1m[35m (0.2ms)[0m  CREATE TABLE "events" ("id" INTEGER PRIMARY KEY AUTOINCREMENT NOT NULL, "name" varchar(255), "created_at" datetime, "updated_at" datetime) 
  [1m[36mSQL (0.1ms)[0m  [1mINSERT INTO "schema_migrations" ("version") VALUES (?)[0m  [["version", "20140304013548"]]
  [1m[35m (0.8ms)[0m  commit transaction
Migrating to CreatePhotosets (20140304164644)
  [1m[36m (0.0ms)[0m  [1mbegin transaction[0m
  [1m[35m (0.2ms)[0m  CREATE TABLE "photosets" ("id" INTEGER PRIMARY KEY AUTOINCREMENT NOT NULL, "event_id" integer, "created_at" datetime, "updated_at" datetime) 
  [1m[36mSQL (0.1ms)[0m  [1mINSERT INTO "schema_migrations" ("version") VALUES (?)[0m  [["version", "20140304164644"]]
  [1m[35m (0.7ms)[0m  commit transaction
Migrating to CreatePhotos (20140304164703)
  [1m[36m (0.0ms)[0m  [1mbegin transaction[0m
  [1m[35m (0.2ms)[0m  CREATE TABLE "photos" ("id" INTEGER PRIMARY KEY AUTOINCREMENT NOT NULL, "photoset_id" integer, "created_at" datetime, "updated_at" datetime) 
  [1m[36mSQL (0.1ms)[0m  [1mINSERT INTO "schema_migrations" ("version") VALUES (?)[0m  [["version", "20140304164703"]]
  [1m[35m (0.6ms)[0m  commit transaction
Migrating to AddPathToPhoto (20140304164947)
  [1m[36m (0.0ms)[0m  [1mbegin transaction[0m
  [1m[35m (0.2ms)[0m  ALTER TABLE "photos" ADD "path" varchar(255)
  [1m[36mSQL (0.1ms)[0m  [1mINSERT INTO "schema_migrations" ("version") VALUES (?)[0m  [["version", "20140304164947"]]
  [1m[35m (0.6ms)[0m  commit transaction
Migrating to CreateUsers (20140317030712)
  [1m[36m (0.0ms)[0m  [1mbegin transaction[0m
  [1m[35m (0.2ms)[0m  CREATE TABLE "users" ("id" INTEGER PRIMARY KEY AUTOINCREMENT NOT NULL, "created_at" datetime, "updated_at" datetime) 
  [1m[36mSQL (0.1ms)[0m  [1mINSERT INTO "schema_migrations" ("version") VALUES (?)[0m  [["version", "20140317030712"]]
  [1m[35m (0.9ms)[0m  commit transaction
Migrating to AddProcessedPathToPhoto (20140325180216)
  [1m[36m (0.1ms)[0m  [1mbegin transaction[0m
  [1m[35m (0.3ms)[0m  ALTER TABLE "photos" ADD "processed_path" varchar(255)
  [1m[36mSQL (0.1ms)[0m  [1mINSERT INTO "schema_migrations" ("version") VALUES (?)[0m  [["version", "20140325180216"]]
  [1m[35m (0.8ms)[0m  commit transaction
Migrating to AddPathsToPhoto (20140421165353)
  [1m[36m (0.0ms)[0m  [1mbegin transaction[0m
  [1m[35m (0.2ms)[0m  ALTER TABLE "photos" ADD "original_path" varchar(255)
  [1m[36m (0.1ms)[0m  [1mALTER TABLE "photos" ADD "display_path" varchar(255)[0m
  [1m[35m (0.1ms)[0m  ALTER TABLE "photos" ADD "print_path" varchar(255)
  [1m[36m (0.9ms)[0m  [1mCREATE TEMPORARY TABLE "aphotos" ("id" INTEGER PRIMARY KEY AUTOINCREMENT NOT NULL, "photoset_id" integer, "created_at" datetime, "updated_at" datetime, "path" varchar(255), "processed_path" varchar(255), "original_path" varchar(255), "display_path" varchar(255), "print_path" varchar(255)) [0m
  [1m[35m (0.1ms)[0m  SELECT * FROM "photos"
  [1m[36m (0.2ms)[0m  [1mDROP TABLE "photos"[0m
  [1m[35m (0.1ms)[0m  CREATE TABLE "photos" ("id" INTEGER PRIMARY KEY AUTOINCREMENT NOT NULL, "photoset_id" integer, "created_at" datetime, "updated_at" datetime, "processed_path" varchar(255), "original_path" varchar(255), "display_path" varchar(255), "print_path" varchar(255)) 
  [1m[36m (0.1ms)[0m  [1mSELECT * FROM "aphotos"[0m
  [1m[35m (0.2ms)[0m  DROP TABLE "aphotos"
  [1m[36m (0.1ms)[0m  [1mCREATE TEMPORARY TABLE "aphotos" ("id" INTEGER PRIMARY KEY AUTOINCREMENT NOT NULL, "photoset_id" integer, "created_at" datetime, "updated_at" datetime, "processed_path" varchar(255), "original_path" varchar(255), "display_path" varchar(255), "print_path" varchar(255)) [0m
  [1m[35m (0.0ms)[0m  SELECT * FROM "photos"
  [1m[36m (0.1ms)[0m  [1mDROP TABLE "photos"[0m
  [1m[35m (0.1ms)[0m  CREATE TABLE "photos" ("id" INTEGER PRIMARY KEY AUTOINCREMENT NOT NULL, "photoset_id" integer, "created_at" datetime, "updated_at" datetime, "original_path" varchar(255), "display_path" varchar(255), "print_path" varchar(255)) 
  [1m[36m (0.0ms)[0m  [1mSELECT * FROM "aphotos"[0m
  [1m[35m (0.1ms)[0m  DROP TABLE "aphotos"
  [1m[36mSQL (0.1ms)[0m  [1mINSERT INTO "schema_migrations" ("version") VALUES (?)[0m  [["version", "20140421165353"]]
  [1m[35m (0.8ms)[0m  commit transaction
Migrating to AddPathsToPhotoset (20140421165736)
  [1m[36m (0.0ms)[0m  [1mbegin transaction[0m
  [1m[35m (0.2ms)[0m  ALTER TABLE "photosets" ADD "display_path" varchar(255)
  [1m[36m (0.1ms)[0m  [1mALTER TABLE "photosets" ADD "print_path" varchar(255)[0m
  [1m[35mSQL (0.1ms)[0m  INSERT INTO "schema_migrations" ("version") VALUES (?)  [["version", "20140421165736"]]
  [1m[36m (0.7ms)[0m  [1mcommit transaction[0m
Migrating to SetUpUsers (20140424163650)
  [1m[35m (0.0ms)[0m  begin transaction
  [1m[36m (0.2ms)[0m  [1mALTER TABLE "users" ADD "provider" varchar(255)[0m
  [1m[35m (0.1ms)[0m  ALTER TABLE "users" ADD "uid" varchar(255)
  [1m[36m (0.1ms)[0m  [1mALTER TABLE "users" ADD "access_token" varchar(255)[0m
  [1m[35m (0.1ms)[0m  ALTER TABLE "users" ADD "access_token_secret" varchar(255)
  [1m[36mSQL (0.1ms)[0m  [1mINSERT INTO "schema_migrations" ("version") VALUES (?)[0m  [["version", "20140424163650"]]
  [1m[35m (0.7ms)[0m  commit transaction
Migrating to PhotosChangePrintPathToPrintingPath (20140426142316)
  [1m[36m (0.0ms)[0m  [1mbegin transaction[0m
  [1m[35m (0.2ms)[0m  CREATE TEMPORARY TABLE "aphotos" ("id" INTEGER PRIMARY KEY AUTOINCREMENT NOT NULL, "photoset_id" integer, "created_at" datetime, "updated_at" datetime, "original_path" varchar(255), "display_path" varchar(255), "printing_path" varchar(255)) 
  [1m[36m (0.1ms)[0m  [1mSELECT * FROM "photos"[0m
  [1m[35m (0.2ms)[0m  DROP TABLE "photos"
  [1m[36m (0.1ms)[0m  [1mCREATE TABLE "photos" ("id" INTEGER PRIMARY KEY AUTOINCREMENT NOT NULL, "photoset_id" integer, "created_at" datetime, "updated_at" datetime, "original_path" varchar(255), "display_path" varchar(255), "printing_path" varchar(255)) [0m
  [1m[35m (0.2ms)[0m  SELECT * FROM "aphotos"
  [1m[36m (0.2ms)[0m  [1mDROP TABLE "aphotos"[0m
  [1m[35mSQL (0.1ms)[0m  INSERT INTO "schema_migrations" ("version") VALUES (?)  [["version", "20140426142316"]]
  [1m[36m (0.7ms)[0m  [1mcommit transaction[0m
Migrating to PhotosetsChangePrintPathToPrintingPath (20140426144011)
  [1m[35m (0.1ms)[0m  begin transaction
  [1m[36m (0.2ms)[0m  [1mCREATE TEMPORARY TABLE "aphotosets" ("id" INTEGER PRIMARY KEY AUTOINCREMENT NOT NULL, "event_id" integer, "created_at" datetime, "updated_at" datetime, "display_path" varchar(255), "printing_path" varchar(255)) [0m
  [1m[35m (0.1ms)[0m  SELECT * FROM "photosets"
  [1m[36m (0.2ms)[0m  [1mDROP TABLE "photosets"[0m
  [1m[35m (0.1ms)[0m  CREATE TABLE "photosets" ("id" INTEGER PRIMARY KEY AUTOINCREMENT NOT NULL, "event_id" integer, "created_at" datetime, "updated_at" datetime, "display_path" varchar(255), "printing_path" varchar(255)) 
  [1m[36m (0.0ms)[0m  [1mSELECT * FROM "aphotosets"[0m
  [1m[35m (0.1ms)[0m  DROP TABLE "aphotosets"
  [1m[36mSQL (0.1ms)[0m  [1mINSERT INTO "schema_migrations" ("version") VALUES (?)[0m  [["version", "20140426144011"]]
  [1m[35m (0.7ms)[0m  commit transaction
Migrating to AddBrandedPathToPhotos (20140506193802)
  [1m[36m (0.0ms)[0m  [1mbegin transaction[0m
  [1m[35m (0.3ms)[0m  ALTER TABLE "photos" ADD "branded_path" varchar(255)
  [1m[36mSQL (0.1ms)[0m  [1mINSERT INTO "schema_migrations" ("version") VALUES (?)[0m  [["version", "20140506193802"]]
  [1m[35m (0.7ms)[0m  commit transaction
Migrating to AddGifModeToEvents (20140506225441)
  [1m[36m (0.0ms)[0m  [1mbegin transaction[0m
  [1m[35m (0.2ms)[0m  ALTER TABLE "events" ADD "gif_mode" boolean
  [1m[36mSQL (0.1ms)[0m  [1mINSERT INTO "schema_migrations" ("version") VALUES (?)[0m  [["version", "20140506225441"]]
  [1m[35m (1.0ms)[0m  commit transaction
Migrating to AddSettingsToEvents (20140508201955)
  [1m[36m (0.1ms)[0m  [1mbegin transaction[0m
  [1m[35m (0.3ms)[0m  ALTER TABLE "events" ADD "image_ratio" varchar(255)
  [1m[36m (0.1ms)[0m  [1mALTER TABLE "events" ADD "photos_in_set" integer[0m
  [1m[35m (0.1ms)[0m  ALTER TABLE "events" ADD "branded_image_width" integer
  [1m[36m (0.1ms)[0m  [1mALTER TABLE "events" ADD "branded_image_height" integer[0m
  [1m[35m (0.1ms)[0m  ALTER TABLE "events" ADD "display_image_width" integer
  [1m[36m (0.1ms)[0m  [1mALTER TABLE "events" ADD "display_image_height" integer[0m
  [1m[35m (0.1ms)[0m  ALTER TABLE "events" ADD "copy_email_subject" varchar(255)
  [1m[36m (0.1ms)[0m  [1mALTER TABLE "events" ADD "copy_email_body" text[0m
  [1m[35m (0.1ms)[0m  ALTER TABLE "events" ADD "copy_social" text
  [1m[36mSQL (0.1ms)[0m  [1mINSERT INTO "schema_migrations" ("version") VALUES (?)[0m  [["version", "20140508201955"]]
  [1m[35m (0.6ms)[0m  commit transaction
Migrating to AddPrintPathsToEvents (20140509215343)
  [1m[36m (0.0ms)[0m  [1mbegin transaction[0m
  [1m[35m (0.2ms)[0m  ALTER TABLE "events" ADD "print_image_width" integer
  [1m[36m (0.1ms)[0m  [1mALTER TABLE "events" ADD "print_image_height" integer[0m
  [1m[35mSQL (0.1ms)[0m  INSERT INTO "schema_migrations" ("version") VALUES (?)  [["version", "20140509215343"]]
  [1m[36m (0.7ms)[0m  [1mcommit transaction[0m
Migrating to AddUrlToPhotosets (20140510191129)
  [1m[35m (0.0ms)[0m  begin transaction
  [1m[36m (0.2ms)[0m  [1mALTER TABLE "photosets" ADD "url" varchar(255)[0m
  [1m[35mSQL (0.1ms)[0m  INSERT INTO "schema_migrations" ("version") VALUES (?)  [["version", "20140510191129"]]
  [1m[36m (0.6ms)[0m  [1mcommit transaction[0m
Migrating to AddBrandedPathToPhotosets (20140510191510)
  [1m[35m (0.0ms)[0m  begin transaction
  [1m[36m (0.2ms)[0m  [1mALTER TABLE "photosets" ADD "branded_path" varchar(255)[0m
  [1m[35mSQL (0.1ms)[0m  INSERT INTO "schema_migrations" ("version") VALUES (?)  [["version", "20140510191510"]]
  [1m[36m (0.6ms)[0m  [1mcommit transaction[0m
Migrating to AddValidatedToPhotosets (20140523103916)
  [1m[35m (0.0ms)[0m  begin transaction
  [1m[36m (0.2ms)[0m  [1mALTER TABLE "photosets" ADD "validated" boolean[0m
  [1m[35mSQL (0.1ms)[0m  INSERT INTO "schema_migrations" ("version") VALUES (?)  [["version", "20140523103916"]]
  [1m[36m (0.5ms)[0m  [1mcommit transaction[0m
Migrating to AddValidatedToPhotos (20140523103923)
  [1m[35m (0.1ms)[0m  begin transaction
  [1m[36m (0.2ms)[0m  [1mALTER TABLE "photos" ADD "validated" boolean[0m
  [1m[35mSQL (0.1ms)[0m  INSERT INTO "schema_migrations" ("version") VALUES (?)  [["version", "20140523103923"]]
  [1m[36m (0.8ms)[0m  [1mcommit transaction[0m
Migrating to AddCopyTwitterToEvents (20140530194611)
  [1m[35m (0.1ms)[0m  begin transaction
  [1m[36m (0.3ms)[0m  [1mALTER TABLE "events" ADD "copy_twitter" varchar(255)[0m
  [1m[35mSQL (0.1ms)[0m  INSERT INTO "schema_migrations" ("version") VALUES (?)  [["version", "20140530194611"]]
  [1m[36m (0.8ms)[0m  [1mcommit transaction[0m
Migrating to AddProcessTagToPhotos (20140602144622)
  [1m[35m (0.1ms)[0m  begin transaction
  [1m[36m (0.3ms)[0m  [1mALTER TABLE "photos" ADD "process_tag" varchar(255)[0m
  [1m[35mSQL (0.1ms)[0m  INSERT INTO "schema_migrations" ("version") VALUES (?)  [["version", "20140602144622"]]
  [1m[36m (1.1ms)[0m  [1mcommit transaction[0m
Migrating to AddTakenAtToPhotos (20140620195235)
  [1m[35m (0.1ms)[0m  begin transaction
  [1m[36m (0.3ms)[0m  [1mALTER TABLE "photos" ADD "taken_at" datetime[0m
  [1m[35mSQL (0.1ms)[0m  INSERT INTO "schema_migrations" ("version") VALUES (?)  [["version", "20140620195235"]]
  [1m[36m (0.6ms)[0m  [1mcommit transaction[0m
Migrating to AddPhotosCountToPhotosets (20140620224005)
  [1m[35m (0.0ms)[0m  begin transaction
  [1m[36m (0.2ms)[0m  [1mALTER TABLE "photosets" ADD "photos_count" integer DEFAULT 0 NOT NULL[0m
  [1m[35mSQL (0.1ms)[0m  INSERT INTO "schema_migrations" ("version") VALUES (?)  [["version", "20140620224005"]]
  [1m[36m (0.5ms)[0m  [1mcommit transaction[0m
Migrating to AddActiveToEvents (20140703160711)
  [1m[35m (0.1ms)[0m  begin transaction
  [1m[36m (0.3ms)[0m  [1mALTER TABLE "events" ADD "active" boolean[0m
  [1m[35mSQL (0.1ms)[0m  INSERT INTO "schema_migrations" ("version") VALUES (?)  [["version", "20140703160711"]]
  [1m[36m (0.4ms)[0m  [1mcommit transaction[0m
Migrating to AddSmugmugAlbumToEvents (20140706174825)
  [1m[35m (0.0ms)[0m  begin transaction
  [1m[36m (0.2ms)[0m  [1mALTER TABLE "events" ADD "smugmug_album" varchar(255)[0m
  [1m[35mSQL (0.1ms)[0m  INSERT INTO "schema_migrations" ("version") VALUES (?)  [["version", "20140706174825"]]
  [1m[36m (0.7ms)[0m  [1mcommit transaction[0m
Migrating to AddMultipleOrientationsToEvents (20141120225238)
  [1m[35m (0.0ms)[0m  begin transaction
  [1m[36m (0.3ms)[0m  [1mALTER TABLE "events" ADD "multiple_orientations" boolean DEFAULT 'f'[0m
  [1m[35mSQL (0.1ms)[0m  INSERT INTO "schema_migrations" ("version") VALUES (?)  [["version", "20141120225238"]]
  [1m[36m (0.7ms)[0m  [1mcommit transaction[0m
Migrating to AddOptionsToEvent (20141212201453)
  [1m[35m (0.0ms)[0m  begin transaction
  [1m[36m (0.3ms)[0m  [1mALTER TABLE "events" ADD "option_smugmug" boolean[0m
  [1m[35m (0.1ms)[0m  ALTER TABLE "events" ADD "option_facebook" boolean
  [1m[36m (0.1ms)[0m  [1mALTER TABLE "events" ADD "option_twitter" boolean[0m
  [1m[35m (0.1ms)[0m  ALTER TABLE "events" ADD "option_email" boolean
  [1m[36m (0.1ms)[0m  [1mALTER TABLE "events" ADD "option_print" boolean[0m
  [1m[35mSQL (0.1ms)[0m  INSERT INTO "schema_migrations" ("version") VALUES (?)  [["version", "20141212201453"]]
  [1m[36m (0.7ms)[0m  [1mcommit transaction[0m
Migrating to RemoveImageRatioFromEvent (20141212203632)
  [1m[35m (0.0ms)[0m  begin transaction
  [1m[36m (0.2ms)[0m  [1mCREATE TEMPORARY TABLE "aevents" ("id" INTEGER PRIMARY KEY AUTOINCREMENT NOT NULL, "name" varchar(255), "created_at" datetime, "updated_at" datetime, "gif_mode" boolean, "image_ratio" varchar(255), "photos_in_set" integer, "branded_image_width" integer, "branded_image_height" integer, "display_image_width" integer, "display_image_height" integer, "copy_email_subject" varchar(255), "copy_email_body" text, "copy_social" text, "print_image_width" integer, "print_image_height" integer, "copy_twitter" varchar(255), "active" boolean, "smugmug_album" varchar(255), "multiple_orientations" boolean DEFAULT 'f', "option_smugmug" boolean, "option_facebook" boolean, "option_twitter" boolean, "option_email" boolean, "option_print" boolean) [0m
  [1m[35m (0.1ms)[0m  SELECT * FROM "events"
  [1m[36m (0.2ms)[0m  [1mDROP TABLE "events"[0m
  [1m[35m (0.1ms)[0m  CREATE TABLE "events" ("id" INTEGER PRIMARY KEY AUTOINCREMENT NOT NULL, "name" varchar(255), "created_at" datetime, "updated_at" datetime, "gif_mode" boolean, "photos_in_set" integer, "branded_image_width" integer, "branded_image_height" integer, "display_image_width" integer, "display_image_height" integer, "copy_email_subject" varchar(255), "copy_email_body" text, "copy_social" text, "print_image_width" integer, "print_image_height" integer, "copy_twitter" varchar(255), "active" boolean, "smugmug_album" varchar(255), "multiple_orientations" boolean DEFAULT 'f', "option_smugmug" boolean, "option_facebook" boolean, "option_twitter" boolean, "option_email" boolean, "option_print" boolean) 
  [1m[36m (0.1ms)[0m  [1mSELECT * FROM "aevents"[0m
  [1m[35m (0.1ms)[0m  DROP TABLE "aevents"
  [1m[36mSQL (0.2ms)[0m  [1mINSERT INTO "schema_migrations" ("version") VALUES (?)[0m  [["version", "20141212203632"]]
  [1m[35m (0.7ms)[0m  commit transaction
Migrating to AddDefaultsToExistingDatabaseEntries (20150112184446)
  [1m[36m (0.1ms)[0m  [1mbegin transaction[0m
  [1m[35mEvent Load (0.1ms)[0m  SELECT  "events".* FROM "events"   ORDER BY "events"."id" ASC LIMIT 1000
  [1m[36mSQL (0.2ms)[0m  [1mINSERT INTO "schema_migrations" ("version") VALUES (?)[0m  [["version", "20150112184446"]]
  [1m[35m (0.8ms)[0m  commit transaction
  [1m[36mActiveRecord::SchemaMigration Load (0.1ms)[0m  [1mSELECT "schema_migrations".* FROM "schema_migrations"[0m
  [1m[36mActiveRecord::SchemaMigration Load (0.3ms)[0m  [1mSELECT "schema_migrations".* FROM "schema_migrations"[0m
  [1m[35mActiveRecord::SchemaMigration Load (0.1ms)[0m  SELECT "schema_migrations".* FROM "schema_migrations"


Started GET "/" for 127.0.0.1 at 2015-06-14 12:03:52 +0200
  [1m[36mActiveRecord::SchemaMigration Load (0.1ms)[0m  [1mSELECT "schema_migrations".* FROM "schema_migrations"[0m
Processing by HomeController#admin as HTML
  [1m[35mEvent Load (0.7ms)[0m  SELECT "events".* FROM "events"
  [1m[36mEvent Load (0.2ms)[0m  [1mSELECT  "events".* FROM "events"   ORDER BY "events"."updated_at" DESC LIMIT 1[0m
  Rendered home/admin.html.erb within layouts/application (5.4ms)
Completed 500 Internal Server Error in 83ms

NoMethodError - undefined method `name' for nil:NilClass:
  app/views/home/admin.html.erb:2:in `_app_views_home_admin_html_erb__713596987_102445000'
  actionview (4.1.2) lib/action_view/template.rb:145:in `block in render'
  activesupport (4.1.2) lib/active_support/notifications.rb:161:in `instrument'
  actionview (4.1.2) lib/action_view/template.rb:339:in `instrument'
  actionview (4.1.2) lib/action_view/template.rb:143:in `render'
  actionview (4.1.2) lib/action_view/renderer/template_renderer.rb:55:in `block (2 levels) in render_template'
  actionview (4.1.2) lib/action_view/renderer/abstract_renderer.rb:38:in `block in instrument'
  activesupport (4.1.2) lib/active_support/notifications.rb:159:in `block in instrument'
  activesupport (4.1.2) lib/active_support/notifications/instrumenter.rb:20:in `instrument'
  activesupport (4.1.2) lib/active_support/notifications.rb:159:in `instrument'
  actionview (4.1.2) lib/action_view/renderer/abstract_renderer.rb:38:in `instrument'
  actionview (4.1.2) lib/action_view/renderer/template_renderer.rb:54:in `block in render_template'
  actionview (4.1.2) lib/action_view/renderer/template_renderer.rb:62:in `render_with_layout'
  actionview (4.1.2) lib/action_view/renderer/template_renderer.rb:53:in `render_template'
  actionview (4.1.2) lib/action_view/renderer/template_renderer.rb:17:in `render'
  actionview (4.1.2) lib/action_view/renderer/renderer.rb:42:in `render_template'
  actionview (4.1.2) lib/action_view/renderer/renderer.rb:23:in `render'
  actionview (4.1.2) lib/action_view/rendering.rb:99:in `_render_template'
  actionpack (4.1.2) lib/action_controller/metal/streaming.rb:217:in `_render_template'
  actionview (4.1.2) lib/action_view/rendering.rb:82:in `render_to_body'
  actionpack (4.1.2) lib/action_controller/metal/rendering.rb:32:in `render_to_body'
  actionpack (4.1.2) lib/action_controller/metal/renderers.rb:32:in `render_to_body'
  actionpack (4.1.2) lib/abstract_controller/rendering.rb:25:in `render'
  actionpack (4.1.2) lib/action_controller/metal/rendering.rb:16:in `render'
  actionpack (4.1.2) lib/action_controller/metal/instrumentation.rb:41:in `block (2 levels) in render'
  activesupport (4.1.2) lib/active_support/core_ext/benchmark.rb:12:in `block in ms'
  /usr/lib/ruby/2.1.0/benchmark.rb:294:in `realtime'
  activesupport (4.1.2) lib/active_support/core_ext/benchmark.rb:12:in `ms'
  actionpack (4.1.2) lib/action_controller/metal/instrumentation.rb:41:in `block in render'
  actionpack (4.1.2) lib/action_controller/metal/instrumentation.rb:84:in `cleanup_view_runtime'
  activerecord (4.1.2) lib/active_record/railties/controller_runtime.rb:25:in `cleanup_view_runtime'
  actionpack (4.1.2) lib/action_controller/metal/instrumentation.rb:40:in `render'
  actionpack (4.1.2) lib/action_controller/metal/implicit_render.rb:10:in `default_render'
  actionpack (4.1.2) lib/action_controller/metal/implicit_render.rb:5:in `send_action'
  actionpack (4.1.2) lib/abstract_controller/base.rb:189:in `process_action'
  actionpack (4.1.2) lib/action_controller/metal/rendering.rb:10:in `process_action'
  actionpack (4.1.2) lib/abstract_controller/callbacks.rb:20:in `block in process_action'
  activesupport (4.1.2) lib/active_support/callbacks.rb:113:in `call'
  activesupport (4.1.2) lib/active_support/callbacks.rb:229:in `block in halting'
  activesupport (4.1.2) lib/active_support/callbacks.rb:229:in `block in halting'
  activesupport (4.1.2) lib/active_support/callbacks.rb:166:in `block in halting'
  activesupport (4.1.2) lib/active_support/callbacks.rb:166:in `block in halting'
  activesupport (4.1.2) lib/active_support/callbacks.rb:166:in `block in halting'
  activesupport (4.1.2) lib/active_support/callbacks.rb:86:in `run_callbacks'
  actionpack (4.1.2) lib/abstract_controller/callbacks.rb:19:in `process_action'
  actionpack (4.1.2) lib/action_controller/metal/rescue.rb:29:in `process_action'
  actionpack (4.1.2) lib/action_controller/metal/instrumentation.rb:31:in `block in process_action'
  activesupport (4.1.2) lib/active_support/notifications.rb:159:in `block in instrument'
  activesupport (4.1.2) lib/active_support/notifications/instrumenter.rb:20:in `instrument'
  activesupport (4.1.2) lib/active_support/notifications.rb:159:in `instrument'
  actionpack (4.1.2) lib/action_controller/metal/instrumentation.rb:30:in `process_action'
  actionpack (4.1.2) lib/action_controller/metal/params_wrapper.rb:250:in `process_action'
  activerecord (4.1.2) lib/active_record/railties/controller_runtime.rb:18:in `process_action'
  actionpack (4.1.2) lib/abstract_controller/base.rb:136:in `process'
  actionview (4.1.2) lib/action_view/rendering.rb:30:in `process'
  actionpack (4.1.2) lib/action_controller/metal.rb:196:in `dispatch'
  actionpack (4.1.2) lib/action_controller/metal/rack_delegation.rb:13:in `dispatch'
  actionpack (4.1.2) lib/action_controller/metal.rb:232:in `block in action'
  actionpack (4.1.2) lib/action_dispatch/routing/route_set.rb:82:in `dispatch'
  actionpack (4.1.2) lib/action_dispatch/routing/route_set.rb:50:in `call'
  actionpack (4.1.2) lib/action_dispatch/journey/router.rb:71:in `block in call'
  actionpack (4.1.2) lib/action_dispatch/journey/router.rb:59:in `call'
  actionpack (4.1.2) lib/action_dispatch/routing/route_set.rb:678:in `call'
  omniauth (1.2.1) lib/omniauth/strategy.rb:186:in `call!'
  omniauth (1.2.1) lib/omniauth/strategy.rb:164:in `call'
  omniauth (1.2.1) lib/omniauth/strategy.rb:186:in `call!'
  omniauth (1.2.1) lib/omniauth/strategy.rb:164:in `call'
  omniauth (1.2.1) lib/omniauth/strategy.rb:186:in `call!'
  omniauth (1.2.1) lib/omniauth/strategy.rb:164:in `call'
  omniauth (1.2.1) lib/omniauth/builder.rb:59:in `call'
  /usr/lib/ruby/vendor_ruby/rack/etag.rb:23:in `call'
  /usr/lib/ruby/vendor_ruby/rack/conditionalget.rb:25:in `call'
  /usr/lib/ruby/vendor_ruby/rack/head.rb:11:in `call'
  actionpack (4.1.2) lib/action_dispatch/middleware/params_parser.rb:27:in `call'
  actionpack (4.1.2) lib/action_dispatch/middleware/flash.rb:254:in `call'
  /usr/lib/ruby/vendor_ruby/rack/session/abstract/id.rb:225:in `context'
  /usr/lib/ruby/vendor_ruby/rack/session/abstract/id.rb:220:in `call'
  actionpack (4.1.2) lib/action_dispatch/middleware/cookies.rb:560:in `call'
  activerecord (4.1.2) lib/active_record/query_cache.rb:36:in `call'
  activerecord (4.1.2) lib/active_record/connection_adapters/abstract/connection_pool.rb:621:in `call'
  activerecord (4.1.2) lib/active_record/migration.rb:380:in `call'
  actionpack (4.1.2) lib/action_dispatch/middleware/callbacks.rb:29:in `block in call'
  activesupport (4.1.2) lib/active_support/callbacks.rb:82:in `run_callbacks'
  actionpack (4.1.2) lib/action_dispatch/middleware/callbacks.rb:27:in `call'
  actionpack (4.1.2) lib/action_dispatch/middleware/reloader.rb:73:in `call'
  actionpack (4.1.2) lib/action_dispatch/middleware/remote_ip.rb:76:in `call'
  better_errors (1.1.0) lib/better_errors/middleware.rb:84:in `protected_app_call'
  better_errors (1.1.0) lib/better_errors/middleware.rb:79:in `better_errors_call'
  better_errors (1.1.0) lib/better_errors/middleware.rb:56:in `call'
  actionpack (4.1.2) lib/action_dispatch/middleware/debug_exceptions.rb:17:in `call'
  actionpack (4.1.2) lib/action_dispatch/middleware/show_exceptions.rb:30:in `call'
  railties (4.1.2) lib/rails/rack/logger.rb:38:in `call_app'
  railties (4.1.2) lib/rails/rack/logger.rb:20:in `block in call'
  activesupport (4.1.2) lib/active_support/tagged_logging.rb:68:in `block in tagged'
  activesupport (4.1.2) lib/active_support/tagged_logging.rb:26:in `tagged'
  activesupport (4.1.2) lib/active_support/tagged_logging.rb:68:in `tagged'
  railties (4.1.2) lib/rails/rack/logger.rb:20:in `call'
  quiet_assets (1.0.3) lib/quiet_assets.rb:23:in `call_with_quiet_assets'
  actionpack (4.1.2) lib/action_dispatch/middleware/request_id.rb:21:in `call'
  /usr/lib/ruby/vendor_ruby/rack/methodoverride.rb:21:in `call'
  /usr/lib/ruby/vendor_ruby/rack/runtime.rb:17:in `call'
  activesupport (4.1.2) lib/active_support/cache/strategy/local_cache_middleware.rb:26:in `call'
  /usr/lib/ruby/vendor_ruby/rack/lock.rb:17:in `call'
  actionpack (4.1.2) lib/action_dispatch/middleware/static.rb:64:in `call'
  /usr/lib/ruby/vendor_ruby/rack/sendfile.rb:112:in `call'
  railties (4.1.2) lib/rails/engine.rb:514:in `call'
  railties (4.1.2) lib/rails/application.rb:144:in `call'
  /usr/lib/ruby/vendor_ruby/rack/content_length.rb:14:in `call'
  thin (1.6.2) lib/thin/connection.rb:86:in `block in pre_process'
  thin (1.6.2) lib/thin/connection.rb:84:in `pre_process'
  thin (1.6.2) lib/thin/connection.rb:53:in `process'
  thin (1.6.2) lib/thin/connection.rb:39:in `receive_data'
  /usr/lib/ruby/vendor_ruby/eventmachine.rb:187:in `run'
  thin (1.6.2) lib/thin/backends/base.rb:73:in `start'
  thin (1.6.2) lib/thin/server.rb:162:in `start'
  /usr/lib/ruby/vendor_ruby/rack/handler/thin.rb:16:in `run'
  /usr/lib/ruby/vendor_ruby/rack/server.rb:264:in `start'
  railties (4.1.2) lib/rails/commands/server.rb:69:in `start'
  railties (4.1.2) lib/rails/commands/commands_tasks.rb:81:in `block in server'
  railties (4.1.2) lib/rails/commands/commands_tasks.rb:76:in `server'
  railties (4.1.2) lib/rails/commands/commands_tasks.rb:40:in `run_command!'
  railties (4.1.2) lib/rails/commands.rb:17:in `<top (required)>'
  bin/rails:4:in `<main>'



Started POST "/__better_errors/102072550/variables" for 127.0.0.1 at 2015-06-14 12:03:52 +0200
  [1m[35mEvent Load (0.5ms)[0m  SELECT "events".* FROM "events"
